<?xml version="1.0" encoding="UTF-8"?>
<!-- Generated by org.testng.reporters.JUnitXMLReporter -->
<testsuite ignored="1" hostname="CPC-debas-HPLU6" failures="0" tests="1" name="Default test" time="6.776" errors="0" timestamp="2024-07-15T17:32:45 IST">
  <testcase classname="orangeHRM.testcases.LoginPageTest" name="doLoginTest" time="2.446"/>
  <testcase classname="orangeHRM.testcases.LoginPageTest" name="getPageTitleTest" time="0.0">
    <ignored/>
  </testcase> <!-- getPageTitleTest -->
</testsuite> <!-- Default test -->
