<?xml version="1.0" encoding="UTF-8"?>
<!-- Generated by org.testng.reporters.JUnitXMLReporter -->
<testsuite ignored="0" hostname="CPC-debas-HPLU6" failures="0" tests="4" name="Default test" time="0.714" errors="0" timestamp="2024-07-22T14:10:24 IST">
  <testcase classname="orangeHRM.dataproviders.DataProviderWithExcel" name="test01" time="0.01"/>
  <testcase classname="orangeHRM.dataproviders.DataProviderWithExcel" name="test01" time="0.001"/>
  <testcase classname="orangeHRM.dataproviders.DataProviderWithExcel" name="test01" time="0.002"/>
  <testcase classname="orangeHRM.dataproviders.DataProviderWithExcel" name="test01" time="0.001"/>
</testsuite> <!-- Default test -->
