<?xml version="1.0" encoding="UTF-8"?>
<!-- Generated by org.testng.reporters.JUnitXMLReporter -->
<testsuite ignored="1" hostname="CPC-debas-HPLU6" failures="0" tests="1" name="Default test" time="10.023" errors="0" timestamp="2024-07-01T15:37:02 IST">
  <testcase classname="orangeHRM.testcases.LoginPageTest" name="test1" time="0.452"/>
  <testcase classname="orangeHRM.testcases.LoginPageTest" name="test2" time="0.0">
    <ignored/>
  </testcase> <!-- test2 -->
</testsuite> <!-- Default test -->
