<?xml version="1.0" encoding="UTF-8"?>
<!-- Generated by org.testng.reporters.JUnitXMLReporter -->
<testsuite ignored="0" hostname="CPC-debas-HPLU6" failures="0" tests="1" name="Test" time="0.971" errors="0" timestamp="2024-08-14T13:58:51 IST">
  <testcase classname="orangeHRM.basetest.BaseTest" name="@BeforeMethod setup" time="0.004">
    <failure type="java.lang.ArrayIndexOutOfBoundsException" message="Index 0 out of bounds for length 0">
      <![CDATA[java.lang.ArrayIndexOutOfBoundsException: Index 0 out of bounds for length 0
at orangeHRM.basetest.BaseTest.setup(BaseTest.java:24)
at java.base/java.util.concurrent.ThreadPoolExecutor.runWorker(ThreadPoolExecutor.java:1144)
at java.base/java.util.concurrent.ThreadPoolExecutor$Worker.run(ThreadPoolExecutor.java:642)
at java.base/java.lang.Thread.run(Thread.java:1583)
... Removed 14 stack frames]]>
    </failure>
  </testcase> <!-- @BeforeMethod setup -->
  <testcase classname="orangeHRM.basetest.BaseTest" name="@AfterMethod teardown" time="-1.723624131623E9">
    <skipped/>
  </testcase> <!-- @AfterMethod teardown -->
  <testcase classname="orangeHRM.testcases.LoginPageTest" name="getPageTitleTest" time="0.0">
    <skipped/>
  </testcase> <!-- getPageTitleTest -->
</testsuite> <!-- Test -->
