<?xml version="1.0" encoding="UTF-8"?>
<!-- Generated by org.testng.reporters.JUnitXMLReporter -->
<testsuite ignored="0" hostname="debasmita" failures="0" tests="3" name="Test" time="13.217" errors="0" timestamp="2024-07-07T13:41:59 IST">
  <testcase classname="orangeHRM.testcases.LoginPageTest" name="test2" time="2.101"/>
  <testcase classname="orangeHRM.testcases.LoginPageTest" name="test1" time="2.558"/>
  <testcase classname="orangeHRM.testcases.HomePageTest" name="test3" time="0.438"/>
</testsuite> <!-- Test -->
