<?xml version="1.0" encoding="UTF-8"?>
<testng-results ignored="1" total="2" passed="1" failed="0" skipped="0">
  <reporter-output>
  </reporter-output>
  <suite started-at="2024-07-15T17:32:39 IST" name="Default suite" finished-at="2024-07-15T17:32:45 IST" duration-ms="6776">
    <groups>
    </groups>
    <test started-at="2024-07-15T17:32:39 IST" name="Default test" finished-at="2024-07-15T17:32:45 IST" duration-ms="6776">
      <class name="orangeHRM.testcases.LoginPageTest">
        <test-method is-config="true" signature="setup()[pri:0, instance:orangeHRM.testcases.LoginPageTest@243c4f91]" started-at="2024-07-15T17:32:39 IST" name="setup" finished-at="2024-07-15T17:32:43 IST" duration-ms="4301" status="PASS">
          <reporter-output>
          </reporter-output>
        </test-method> <!-- setup -->
        <test-method signature="doLoginTest()[pri:0, instance:orangeHRM.testcases.LoginPageTest@243c4f91]" started-at="2024-07-15T17:32:43 IST" name="doLoginTest" finished-at="2024-07-15T17:32:45 IST" duration-ms="2446" status="PASS">
          <reporter-output>
          </reporter-output>
        </test-method> <!-- doLoginTest -->
        <test-method is-config="true" signature="teardown()[pri:0, instance:orangeHRM.testcases.LoginPageTest@243c4f91]" started-at="2024-07-15T17:32:45 IST" name="teardown" finished-at="2024-07-15T17:32:45 IST" duration-ms="0" status="PASS">
          <reporter-output>
          </reporter-output>
        </test-method> <!-- teardown -->
      </class> <!-- orangeHRM.testcases.LoginPageTest -->
    </test> <!-- Default test -->
  </suite> <!-- Default suite -->
</testng-results>
